   Compiling kaspa-consensus-core v2.0.1 (/root/work/rusty-kaspa/consensus/core)
   Compiling kaspa-txscript v2.0.1 (/root/work/rusty-kaspa/crypto/txscript)
   Compiling kaspa-smt-store v2.0.1 (/root/work/rusty-kaspa/consensus/smt-store)
   Compiling kaspa-notify v2.0.1 (/root/work/rusty-kaspa/notify)
   Compiling kaspa-consensus-client v2.0.1 (/root/work/rusty-kaspa/consensus/client)
   Compiling kaspa-consensus-notify v2.0.1 (/root/work/rusty-kaspa/consensus/notify)
   Compiling kaspa-consensusmanager v2.0.1 (/root/work/rusty-kaspa/components/consensusmanager)
   Compiling kaspa-pow v2.0.1 (/root/work/rusty-kaspa/consensus/pow)
   Compiling kaspa-consensus v2.0.1 (/root/work/rusty-kaspa/consensus)
warning: field `anchors_store` is never read
  --> consensus/src/processes/shielded.rs:99:5
   |
94 | pub struct ShieldedStateManager {
   |            -------------------- field in this struct
...
99 |     anchors_store: DbShieldedAnchorsStore,
   |     ^^^^^^^^^^^^^
   |
   = note: `ShieldedStateManager` has a derived impl for the trait `Clone`, but this is intentionally ignored during dead code analysis
   = note: `#[warn(dead_code)]` (part of `#[warn(unused)]`) on by default

warning: `kaspa-consensus` (lib test) generated 1 warning
    Finished `test` profile [unoptimized + debuginfo] target(s) in 45.30s
     Running unittests src/lib.rs (target/debug/deps/kaspa_consensus-6a8cc604660c1baa)

running 7 tests
test model::stores::shielded::tests::anchor_ring_evicts_oldest ... ok
test model::stores::shielded::tests::nullifier_set_insert_delete_roundtrip ... ok
test model::stores::shielded::tests::frontier_store_is_block_keyed ... ok
test processes::shielded::tests::rejects_overspend ... ok
test processes::shielded::tests::rejoin_re_adds_nullifiers_from_store ... ok
test processes::shielded::tests::revert_removes_block_nullifiers ... ok
test processes::shielded::tests::per_block_commit_persists_and_resolves_double_spend ... ok

test result: ok. 7 passed; 0 failed; 0 ignored; 0 measured; 73 filtered out; finished in 0.44s

=== HOOK_DONE_EXIT=0 ===
