   Compiling log v0.4.22
   Compiling rand v0.8.6
   Compiling digest v0.10.7
   Compiling toml_edit v0.22.22
   Compiling sha2 v0.10.8
   Compiling tracing v0.1.44
   Compiling polling v3.7.3
   Compiling workflow-log v0.18.0
   Compiling async-io v2.3.4
   Compiling kv-log-macro v1.0.7
   Compiling workflow-core-macros v0.18.0
   Compiling proc-macro-crate v3.2.0
   Compiling async-global-executor v2.4.1
   Compiling async-std v1.13.0
   Compiling ark-std v0.6.0
   Compiling ark-serialize v0.6.0
   Compiling hex v0.4.3
   Compiling borsh-derive v1.5.1
   Compiling ark-ff v0.6.0
   Compiling tracing-log v0.2.0
   Compiling blake2 v0.10.6
   Compiling serde_yaml v0.9.34+deprecated
   Compiling borsh v1.5.1
   Compiling kaspa-utils v2.0.1 (/root/work/rusty-kaspa/utils)
   Compiling workflow-core v0.18.0
   Compiling tracing-subscriber v0.3.22
   Compiling serde-value v0.7.0
   Compiling malachite-nz v0.9.1
   Compiling workflow-wasm v0.18.0
   Compiling log4rs v1.4.0
   Compiling kaspa-hashes v2.0.1 (/root/work/rusty-kaspa/crypto/hashes)
   Compiling ark-poly v0.6.0
   Compiling kaspa-smt v2.0.1 (/root/work/rusty-kaspa/crypto/smt)
   Compiling ark-ec v0.6.0
   Compiling ark-relations v0.6.0
   Compiling kaspa-merkle v2.0.1 (/root/work/rusty-kaspa/crypto/merkle)
   Compiling secp256k1 v0.29.1
   Compiling ff v0.13.1
   Compiling merlin v3.0.0
   Compiling nom v7.1.3
   Compiling risc0-zkp v3.0.4
   Compiling cipher v0.4.4
   Compiling kaspa-core v2.0.1 (/root/work/rusty-kaspa/core)
   Compiling kaspa-txscript-errors v2.0.1 (/root/work/rusty-kaspa/crypto/txscript/errors)
   Compiling ark-snark v0.6.0
   Compiling kaspa-addresses v2.0.1 (/root/work/rusty-kaspa/crypto/addresses)
   Compiling workflow-serializer v0.18.0
   Compiling either v1.13.0
   Compiling bindgen v0.72.1
   Compiling ruint v1.17.2
   Compiling itertools v0.13.0
   Compiling ark-crypto-primitives v0.6.0
   Compiling postcard v1.1.3
   Compiling cexpr v0.6.0
   Compiling group v0.13.0
   Compiling semver v1.0.28
   Compiling bitflags v2.9.4
   Compiling risc0-binfmt v3.0.4
   Compiling risc0-circuit-recursion v4.0.4
   Compiling ark-groth16 v0.6.0
   Compiling ark-bn254 v0.6.0
   Compiling pasta_curves v0.5.1
   Compiling universal-hash v0.5.1
   Compiling getrandom v0.4.2
   Compiling poly1305 v0.8.0
   Compiling chacha20 v0.9.1
   Compiling bls12_381 v0.8.0
   Compiling aead v0.5.2
   Compiling chacha20poly1305 v0.10.1
   Compiling jubjub v0.10.0
   Compiling cbc v0.1.2
   Compiling fpe v0.6.1
   Compiling reddsa v0.5.2
   Compiling tempfile v3.27.0
   Compiling zcash_note_encryption v0.4.1
   Compiling sinsemilla v0.1.0
   Compiling halo2_poseidon v0.1.0
   Compiling kaspa-math v2.0.1 (/root/work/rusty-kaspa/math)
   Compiling librocksdb-sys v0.17.3+10.4.2
   Compiling kaspa-muhash v2.0.1 (/root/work/rusty-kaspa/crypto/muhash)
   Compiling kaspa-consensus-core v2.0.1 (/root/work/rusty-kaspa/consensus/core)
   Compiling aes v0.8.4
   Compiling kaspa-wasm-core v2.0.1 (/root/work/rusty-kaspa/wasm/core)
   Compiling incrementalmerkletree v0.8.2
   Compiling getset v0.1.7
   Compiling visibility v0.1.1
   Compiling orchard v0.14.0
   Compiling kaspa-txscript v2.0.1 (/root/work/rusty-kaspa/crypto/txscript)
   Compiling kaspa-notify v2.0.1 (/root/work/rusty-kaspa/notify)
   Compiling kaspa-consensus-notify v2.0.1 (/root/work/rusty-kaspa/consensus/notify)
   Compiling kaspa-consensus-client v2.0.1 (/root/work/rusty-kaspa/consensus/client)
   Compiling kaspa-seq-commit v2.0.1 (/root/work/rusty-kaspa/consensus/seq-commit)
   Compiling kaspa-consensusmanager v2.0.1 (/root/work/rusty-kaspa/components/consensusmanager)
   Compiling kaspa-pow v2.0.1 (/root/work/rusty-kaspa/consensus/pow)
   Compiling kaspa-shielded-core v2.0.1 (/root/work/rusty-kaspa/shielded-core)
   Compiling rocksdb v0.24.0
   Compiling kaspa-database v2.0.1 (/root/work/rusty-kaspa/database)
   Compiling kaspa-smt-store v2.0.1 (/root/work/rusty-kaspa/consensus/smt-store)
   Compiling kaspa-consensus v2.0.1 (/root/work/rusty-kaspa/consensus)
    Finished `dev` profile [unoptimized + debuginfo] target(s) in 8m 11s
=== KC_DONE_EXIT=0 ===
