   Compiling kaspa-database v2.0.1 (/root/work/rusty-kaspa/database)
   Compiling kaspa-smt-store v2.0.1 (/root/work/rusty-kaspa/consensus/smt-store)
   Compiling kaspa-consensus v2.0.1 (/root/work/rusty-kaspa/consensus)
warning: field `anchors_store` is never read
  --> consensus/src/processes/shielded.rs:86:5
   |
81 | pub struct ShieldedStateManager {
   |            -------------------- field in this struct
...
86 |     anchors_store: DbShieldedAnchorsStore,
   |     ^^^^^^^^^^^^^
   |
   = note: `ShieldedStateManager` has a derived impl for the trait `Clone`, but this is intentionally ignored during dead code analysis
   = note: `#[warn(dead_code)]` (part of `#[warn(unused)]`) on by default

warning: `kaspa-consensus` (lib test) generated 1 warning
    Finished `test` profile [unoptimized + debuginfo] target(s) in 37.72s
     Running unittests src/lib.rs (target/debug/deps/kaspa_consensus-6a8cc604660c1baa)

running 6 tests
test model::stores::shielded::tests::anchor_ring_evicts_oldest ... ok
test model::stores::shielded::tests::nullifier_set_insert_delete_roundtrip ... ok
test model::stores::shielded::tests::frontier_store_is_block_keyed ... ok
test processes::shielded::tests::rejects_overspend ... ok
test processes::shielded::tests::revert_removes_block_nullifiers ... ok
test processes::shielded::tests::apply_chain_persists_and_resolves_double_spend ... ok

test result: ok. 6 passed; 0 failed; 0 ignored; 0 measured; 73 filtered out; finished in 0.41s

=== SR_DONE_EXIT=0 ===
